The system is: Linux - 4.15.0-112-generic - x86_64
Compiling the C compiler identification source file "CMakeCCompilerId.c" succeeded.
Compiler: /store/anaconda3/bin/x86_64-conda_cos6-linux-gnu-cc 
Build flags: -march=nocona;-mtune=haswell;-ftree-vectorize;-fPIC;-fstack-protector-strong;-fno-plt;-O2;-pipe
Id flags:  

The output was:
0


Compilation of the C compiler identification source "CMakeCCompilerId.c" produced "a.out"

The C compiler identification is GNU, found in "/store/qzhong/vscode/netyo/CMakeFiles/3.10.2/CompilerIdC/a.out"

Compiling the CXX compiler identification source file "CMakeCXXCompilerId.cpp" succeeded.
Compiler: /store/anaconda3/bin/x86_64-conda_cos6-linux-gnu-c++ 
Build flags: -fvisibility-inlines-hidden;-std=c++17;-fmessage-length=0;-march=nocona;-mtune=haswell;-ftree-vectorize;-fPIC;-fstack-protector-strong;-fno-plt;-O2;-pipe
Id flags:  

The output was:
0


Compilation of the CXX compiler identification source "CMakeCXXCompilerId.cpp" produced "a.out"

The CXX compiler identification is GNU, found in "/store/qzhong/vscode/netyo/CMakeFiles/3.10.2/CompilerIdCXX/a.out"

Determining if the C compiler works passed with the following output:
Change Dir: /store/qzhong/vscode/netyo/CMakeFiles/CMakeTmp

Run Build Command:"/usr/bin/make" "cmTC_1b697/fast"
/usr/bin/make -f CMakeFiles/cmTC_1b697.dir/build.make CMakeFiles/cmTC_1b697.dir/build
make[1]: Entering directory '/store/qzhong/vscode/netyo/CMakeFiles/CMakeTmp'
Building C object CMakeFiles/cmTC_1b697.dir/testCCompiler.c.o
/store/anaconda3/bin/x86_64-conda_cos6-linux-gnu-cc   -march=nocona -mtune=haswell -ftree-vectorize -fPIC -fstack-protector-strong -fno-plt -O2 -pipe    -o CMakeFiles/cmTC_1b697.dir/testCCompiler.c.o   -c /store/qzhong/vscode/netyo/CMakeFiles/CMakeTmp/testCCompiler.c
Linking C executable cmTC_1b697
/usr/bin/cmake -E cmake_link_script CMakeFiles/cmTC_1b697.dir/link.txt --verbose=1
/store/anaconda3/bin/x86_64-conda_cos6-linux-gnu-cc -march=nocona -mtune=haswell -ftree-vectorize -fPIC -fstack-protector-strong -fno-plt -O2 -pipe   -Wl,-O2 -Wl,--sort-common -Wl,--as-needed -Wl,-z,relro -Wl,-z,now  -rdynamic CMakeFiles/cmTC_1b697.dir/testCCompiler.c.o  -o cmTC_1b697 
make[1]: Leaving directory '/store/qzhong/vscode/netyo/CMakeFiles/CMakeTmp'


Detecting C compiler ABI info compiled with the following output:
Change Dir: /store/qzhong/vscode/netyo/CMakeFiles/CMakeTmp

Run Build Command:"/usr/bin/make" "cmTC_51f4c/fast"
/usr/bin/make -f CMakeFiles/cmTC_51f4c.dir/build.make CMakeFiles/cmTC_51f4c.dir/build
make[1]: Entering directory '/store/qzhong/vscode/netyo/CMakeFiles/CMakeTmp'
Building C object CMakeFiles/cmTC_51f4c.dir/CMakeCCompilerABI.c.o
/store/anaconda3/bin/x86_64-conda_cos6-linux-gnu-cc   -march=nocona -mtune=haswell -ftree-vectorize -fPIC -fstack-protector-strong -fno-plt -O2 -pipe    -o CMakeFiles/cmTC_51f4c.dir/CMakeCCompilerABI.c.o   -c /usr/share/cmake-3.10/Modules/CMakeCCompilerABI.c
Linking C executable cmTC_51f4c
/usr/bin/cmake -E cmake_link_script CMakeFiles/cmTC_51f4c.dir/link.txt --verbose=1
/store/anaconda3/bin/x86_64-conda_cos6-linux-gnu-cc -march=nocona -mtune=haswell -ftree-vectorize -fPIC -fstack-protector-strong -fno-plt -O2 -pipe   -Wl,-O2 -Wl,--sort-common -Wl,--as-needed -Wl,-z,relro -Wl,-z,now -v -rdynamic CMakeFiles/cmTC_51f4c.dir/CMakeCCompilerABI.c.o  -o cmTC_51f4c 
Reading specs from /store/anaconda3/bin/../lib/gcc/x86_64-conda_cos6-linux-gnu/7.2.0/specs
COLLECT_GCC=/store/anaconda3/bin/x86_64-conda_cos6-linux-gnu-cc
COLLECT_LTO_WRAPPER=/store/anaconda3/bin/../libexec/gcc/x86_64-conda_cos6-linux-gnu/7.2.0/lto-wrapper
Target: x86_64-conda_cos6-linux-gnu
Configured with: /opt/conda/conda-bld/compilers_linux-64_1520532893746/work/.build/src/gcc-7.2.0/configure --build=x86_64-build_pc-linux-gnu --host=x86_64-build_pc-linux-gnu --target=x86_64-conda_cos6-linux-gnu --prefix=/opt/conda/conda-bld/compilers_linux-64_1520532893746/work/gcc_built --with-sysroot=/opt/conda/conda-bld/compilers_linux-64_1520532893746/work/gcc_built/x86_64-conda_cos6-linux-gnu/sysroot --enable-languages=c,c++,fortran,objc,obj-c++ --with-pkgversion='crosstool-NG fa8859cb' --enable-__cxa_atexit --disable-libmudflap --enable-libgomp --disable-libssp --enable-libquadmath --enable-libquadmath-support --enable-libsanitizer --enable-libmpx --with-gmp=/opt/conda/conda-bld/compilers_linux-64_1520532893746/work/.build/x86_64-conda_cos6-linux-gnu/buildtools --with-mpfr=/opt/conda/conda-bld/compilers_linux-64_1520532893746/work/.build/x86_64-conda_cos6-linux-gnu/buildtools --with-mpc=/opt/conda/conda-bld/compilers_linux-64_1520532893746/work/.build/x86_64-conda_cos6-linux-gnu/buildtools --with-isl=/opt/conda/conda-bld/compilers_linux-64_1520532893746/work/.build/x86_64-conda_cos6-linux-gnu/buildtools --enable-lto --enable-threads=posix --enable-target-optspace --enable-plugin --enable-gold --disable-nls --disable-multilib --with-local-prefix=/opt/conda/conda-bld/compilers_linux-64_1520532893746/work/gcc_built/x86_64-conda_cos6-linux-gnu/sysroot --enable-long-long --enable-default-pie
Thread model: posix
gcc version 7.2.0 (crosstool-NG fa8859cb) 
COMPILER_PATH=/store/anaconda3/bin/../libexec/gcc/x86_64-conda_cos6-linux-gnu/7.2.0/:/store/anaconda3/bin/../libexec/gcc/:/store/anaconda3/bin/../lib/gcc/x86_64-conda_cos6-linux-gnu/7.2.0/../../../../x86_64-conda_cos6-linux-gnu/bin/
LIBRARY_PATH=/store/anaconda3/bin/../lib/gcc/x86_64-conda_cos6-linux-gnu/7.2.0/:/store/anaconda3/bin/../lib/gcc/:/store/anaconda3/bin/../lib/gcc/x86_64-conda_cos6-linux-gnu/7.2.0/../../../../x86_64-conda_cos6-linux-gnu/lib/../lib/:/store/anaconda3/bin/../x86_64-conda_cos6-linux-gnu/sysroot/lib/../lib/:/store/anaconda3/bin/../x86_64-conda_cos6-linux-gnu/sysroot/usr/lib/../lib/:/store/anaconda3/bin/../lib/gcc/x86_64-conda_cos6-linux-gnu/7.2.0/../../../../x86_64-conda_cos6-linux-gnu/lib/:/store/anaconda3/bin/../x86_64-conda_cos6-linux-gnu/sysroot/lib/:/store/anaconda3/bin/../x86_64-conda_cos6-linux-gnu/sysroot/usr/lib/
COLLECT_GCC_OPTIONS='-march=nocona' '-mtune=haswell' '-ftree-vectorize' '-fPIC' '-fstack-protector-strong' '-fno-plt' '-O2' '-pipe' '-v' '-rdynamic' '-o' 'cmTC_51f4c'
 /store/anaconda3/bin/../libexec/gcc/x86_64-conda_cos6-linux-gnu/7.2.0/collect2 -plugin /store/anaconda3/bin/../libexec/gcc/x86_64-conda_cos6-linux-gnu/7.2.0/liblto_plugin.so -plugin-opt=/store/anaconda3/bin/../libexec/gcc/x86_64-conda_cos6-linux-gnu/7.2.0/lto-wrapper -plugin-opt=-fresolution=/tmp/ccDbUHoX.res -plugin-opt=-pass-through=-lgcc -plugin-opt=-pass-through=-lgcc_s -plugin-opt=-pass-through=-lc -plugin-opt=-pass-through=-lgcc -plugin-opt=-pass-through=-lgcc_s --sysroot=/store/anaconda3/bin/../x86_64-conda_cos6-linux-gnu/sysroot --eh-frame-hdr -m elf_x86_64 -export-dynamic -dynamic-linker /lib64/ld-linux-x86-64.so.2 -pie -o cmTC_51f4c /store/anaconda3/bin/../x86_64-conda_cos6-linux-gnu/sysroot/usr/lib/../lib/Scrt1.o /store/anaconda3/bin/../x86_64-conda_cos6-linux-gnu/sysroot/usr/lib/../lib/crti.o /store/anaconda3/bin/../lib/gcc/x86_64-conda_cos6-linux-gnu/7.2.0/crtbeginS.o -L/store/anaconda3/bin/../lib/gcc/x86_64-conda_cos6-linux-gnu/7.2.0 -L/store/anaconda3/bin/../lib/gcc -L/store/anaconda3/bin/../lib/gcc/x86_64-conda_cos6-linux-gnu/7.2.0/../../../../x86_64-conda_cos6-linux-gnu/lib/../lib -L/store/anaconda3/bin/../x86_64-conda_cos6-linux-gnu/sysroot/lib/../lib -L/store/anaconda3/bin/../x86_64-conda_cos6-linux-gnu/sysroot/usr/lib/../lib -L/store/anaconda3/bin/../lib/gcc/x86_64-conda_cos6-linux-gnu/7.2.0/../../../../x86_64-conda_cos6-linux-gnu/lib -L/store/anaconda3/bin/../x86_64-conda_cos6-linux-gnu/sysroot/lib -L/store/anaconda3/bin/../x86_64-conda_cos6-linux-gnu/sysroot/usr/lib -rpath /store/anaconda3/lib -O2 --sort-common --as-needed -z relro -z now CMakeFiles/cmTC_51f4c.dir/CMakeCCompilerABI.c.o -lgcc --as-needed -lgcc_s --no-as-needed -lc -lgcc --as-needed -lgcc_s --no-as-needed /store/anaconda3/bin/../lib/gcc/x86_64-conda_cos6-linux-gnu/7.2.0/crtendS.o /store/anaconda3/bin/../x86_64-conda_cos6-linux-gnu/sysroot/usr/lib/../lib/crtn.o
COLLECT_GCC_OPTIONS='-march=nocona' '-mtune=haswell' '-ftree-vectorize' '-fPIC' '-fstack-protector-strong' '-fno-plt' '-O2' '-pipe' '-v' '-rdynamic' '-o' 'cmTC_51f4c'
make[1]: Leaving directory '/store/qzhong/vscode/netyo/CMakeFiles/CMakeTmp'


Parsed C implicit link information from above output:
  link line regex: [^( *|.*[/\])(ld|CMAKE_LINK_STARTFILE-NOTFOUND|([^/\]+-)?ld|collect2)[^/\]*( |$)]
  ignore line: [Change Dir: /store/qzhong/vscode/netyo/CMakeFiles/CMakeTmp]
  ignore line: []
  ignore line: [Run Build Command:"/usr/bin/make" "cmTC_51f4c/fast"]
  ignore line: [/usr/bin/make -f CMakeFiles/cmTC_51f4c.dir/build.make CMakeFiles/cmTC_51f4c.dir/build]
  ignore line: [make[1]: Entering directory '/store/qzhong/vscode/netyo/CMakeFiles/CMakeTmp']
  ignore line: [Building C object CMakeFiles/cmTC_51f4c.dir/CMakeCCompilerABI.c.o]
  ignore line: [/store/anaconda3/bin/x86_64-conda_cos6-linux-gnu-cc   -march=nocona -mtune=haswell -ftree-vectorize -fPIC -fstack-protector-strong -fno-plt -O2 -pipe    -o CMakeFiles/cmTC_51f4c.dir/CMakeCCompilerABI.c.o   -c /usr/share/cmake-3.10/Modules/CMakeCCompilerABI.c]
  ignore line: [Linking C executable cmTC_51f4c]
  ignore line: [/usr/bin/cmake -E cmake_link_script CMakeFiles/cmTC_51f4c.dir/link.txt --verbose=1]
  ignore line: [/store/anaconda3/bin/x86_64-conda_cos6-linux-gnu-cc -march=nocona -mtune=haswell -ftree-vectorize -fPIC -fstack-protector-strong -fno-plt -O2 -pipe   -Wl,-O2 -Wl,--sort-common -Wl,--as-needed -Wl,-z,relro -Wl,-z,now -v -rdynamic CMakeFiles/cmTC_51f4c.dir/CMakeCCompilerABI.c.o  -o cmTC_51f4c ]
  ignore line: [Reading specs from /store/anaconda3/bin/../lib/gcc/x86_64-conda_cos6-linux-gnu/7.2.0/specs]
  ignore line: [COLLECT_GCC=/store/anaconda3/bin/x86_64-conda_cos6-linux-gnu-cc]
  ignore line: [COLLECT_LTO_WRAPPER=/store/anaconda3/bin/../libexec/gcc/x86_64-conda_cos6-linux-gnu/7.2.0/lto-wrapper]
  ignore line: [Target: x86_64-conda_cos6-linux-gnu]
  ignore line: [Configured with: /opt/conda/conda-bld/compilers_linux-64_1520532893746/work/.build/src/gcc-7.2.0/configure --build=x86_64-build_pc-linux-gnu --host=x86_64-build_pc-linux-gnu --target=x86_64-conda_cos6-linux-gnu --prefix=/opt/conda/conda-bld/compilers_linux-64_1520532893746/work/gcc_built --with-sysroot=/opt/conda/conda-bld/compilers_linux-64_1520532893746/work/gcc_built/x86_64-conda_cos6-linux-gnu/sysroot --enable-languages=c,c++,fortran,objc,obj-c++ --with-pkgversion='crosstool-NG fa8859cb' --enable-__cxa_atexit --disable-libmudflap --enable-libgomp --disable-libssp --enable-libquadmath --enable-libquadmath-support --enable-libsanitizer --enable-libmpx --with-gmp=/opt/conda/conda-bld/compilers_linux-64_1520532893746/work/.build/x86_64-conda_cos6-linux-gnu/buildtools --with-mpfr=/opt/conda/conda-bld/compilers_linux-64_1520532893746/work/.build/x86_64-conda_cos6-linux-gnu/buildtools --with-mpc=/opt/conda/conda-bld/compilers_linux-64_1520532893746/work/.build/x86_64-conda_cos6-linux-gnu/buildtools --with-isl=/opt/conda/conda-bld/compilers_linux-64_1520532893746/work/.build/x86_64-conda_cos6-linux-gnu/buildtools --enable-lto --enable-threads=posix --enable-target-optspace --enable-plugin --enable-gold --disable-nls --disable-multilib --with-local-prefix=/opt/conda/conda-bld/compilers_linux-64_1520532893746/work/gcc_built/x86_64-conda_cos6-linux-gnu/sysroot --enable-long-long --enable-default-pie]
  ignore line: [Thread model: posix]
  ignore line: [gcc version 7.2.0 (crosstool-NG fa8859cb) ]
  ignore line: [COMPILER_PATH=/store/anaconda3/bin/../libexec/gcc/x86_64-conda_cos6-linux-gnu/7.2.0/:/store/anaconda3/bin/../libexec/gcc/:/store/anaconda3/bin/../lib/gcc/x86_64-conda_cos6-linux-gnu/7.2.0/../../../../x86_64-conda_cos6-linux-gnu/bin/]
  ignore line: [LIBRARY_PATH=/store/anaconda3/bin/../lib/gcc/x86_64-conda_cos6-linux-gnu/7.2.0/:/store/anaconda3/bin/../lib/gcc/:/store/anaconda3/bin/../lib/gcc/x86_64-conda_cos6-linux-gnu/7.2.0/../../../../x86_64-conda_cos6-linux-gnu/lib/../lib/:/store/anaconda3/bin/../x86_64-conda_cos6-linux-gnu/sysroot/lib/../lib/:/store/anaconda3/bin/../x86_64-conda_cos6-linux-gnu/sysroot/usr/lib/../lib/:/store/anaconda3/bin/../lib/gcc/x86_64-conda_cos6-linux-gnu/7.2.0/../../../../x86_64-conda_cos6-linux-gnu/lib/:/store/anaconda3/bin/../x86_64-conda_cos6-linux-gnu/sysroot/lib/:/store/anaconda3/bin/../x86_64-conda_cos6-linux-gnu/sysroot/usr/lib/]
  ignore line: [COLLECT_GCC_OPTIONS='-march=nocona' '-mtune=haswell' '-ftree-vectorize' '-fPIC' '-fstack-protector-strong' '-fno-plt' '-O2' '-pipe' '-v' '-rdynamic' '-o' 'cmTC_51f4c']
  link line: [ /store/anaconda3/bin/../libexec/gcc/x86_64-conda_cos6-linux-gnu/7.2.0/collect2 -plugin /store/anaconda3/bin/../libexec/gcc/x86_64-conda_cos6-linux-gnu/7.2.0/liblto_plugin.so -plugin-opt=/store/anaconda3/bin/../libexec/gcc/x86_64-conda_cos6-linux-gnu/7.2.0/lto-wrapper -plugin-opt=-fresolution=/tmp/ccDbUHoX.res -plugin-opt=-pass-through=-lgcc -plugin-opt=-pass-through=-lgcc_s -plugin-opt=-pass-through=-lc -plugin-opt=-pass-through=-lgcc -plugin-opt=-pass-through=-lgcc_s --sysroot=/store/anaconda3/bin/../x86_64-conda_cos6-linux-gnu/sysroot --eh-frame-hdr -m elf_x86_64 -export-dynamic -dynamic-linker /lib64/ld-linux-x86-64.so.2 -pie -o cmTC_51f4c /store/anaconda3/bin/../x86_64-conda_cos6-linux-gnu/sysroot/usr/lib/../lib/Scrt1.o /store/anaconda3/bin/../x86_64-conda_cos6-linux-gnu/sysroot/usr/lib/../lib/crti.o /store/anaconda3/bin/../lib/gcc/x86_64-conda_cos6-linux-gnu/7.2.0/crtbeginS.o -L/store/anaconda3/bin/../lib/gcc/x86_64-conda_cos6-linux-gnu/7.2.0 -L/store/anaconda3/bin/../lib/gcc -L/store/anaconda3/bin/../lib/gcc/x86_64-conda_cos6-linux-gnu/7.2.0/../../../../x86_64-conda_cos6-linux-gnu/lib/../lib -L/store/anaconda3/bin/../x86_64-conda_cos6-linux-gnu/sysroot/lib/../lib -L/store/anaconda3/bin/../x86_64-conda_cos6-linux-gnu/sysroot/usr/lib/../lib -L/store/anaconda3/bin/../lib/gcc/x86_64-conda_cos6-linux-gnu/7.2.0/../../../../x86_64-conda_cos6-linux-gnu/lib -L/store/anaconda3/bin/../x86_64-conda_cos6-linux-gnu/sysroot/lib -L/store/anaconda3/bin/../x86_64-conda_cos6-linux-gnu/sysroot/usr/lib -rpath /store/anaconda3/lib -O2 --sort-common --as-needed -z relro -z now CMakeFiles/cmTC_51f4c.dir/CMakeCCompilerABI.c.o -lgcc --as-needed -lgcc_s --no-as-needed -lc -lgcc --as-needed -lgcc_s --no-as-needed /store/anaconda3/bin/../lib/gcc/x86_64-conda_cos6-linux-gnu/7.2.0/crtendS.o /store/anaconda3/bin/../x86_64-conda_cos6-linux-gnu/sysroot/usr/lib/../lib/crtn.o]
    arg [/store/anaconda3/bin/../libexec/gcc/x86_64-conda_cos6-linux-gnu/7.2.0/collect2] ==> ignore
    arg [-plugin] ==> ignore
    arg [/store/anaconda3/bin/../libexec/gcc/x86_64-conda_cos6-linux-gnu/7.2.0/liblto_plugin.so] ==> ignore
    arg [-plugin-opt=/store/anaconda3/bin/../libexec/gcc/x86_64-conda_cos6-linux-gnu/7.2.0/lto-wrapper] ==> ignore
    arg [-plugin-opt=-fresolution=/tmp/ccDbUHoX.res] ==> ignore
    arg [-plugin-opt=-pass-through=-lgcc] ==> ignore
    arg [-plugin-opt=-pass-through=-lgcc_s] ==> ignore
    arg [-plugin-opt=-pass-through=-lc] ==> ignore
    arg [-plugin-opt=-pass-through=-lgcc] ==> ignore
    arg [-plugin-opt=-pass-through=-lgcc_s] ==> ignore
    arg [--sysroot=/store/anaconda3/bin/../x86_64-conda_cos6-linux-gnu/sysroot] ==> ignore
    arg [--eh-frame-hdr] ==> ignore
    arg [-m] ==> ignore
    arg [elf_x86_64] ==> ignore
    arg [-export-dynamic] ==> ignore
    arg [-dynamic-linker] ==> ignore
    arg [/lib64/ld-linux-x86-64.so.2] ==> ignore
    arg [-pie] ==> ignore
    arg [-o] ==> ignore
    arg [cmTC_51f4c] ==> ignore
    arg [/store/anaconda3/bin/../x86_64-conda_cos6-linux-gnu/sysroot/usr/lib/../lib/Scrt1.o] ==> ignore
    arg [/store/anaconda3/bin/../x86_64-conda_cos6-linux-gnu/sysroot/usr/lib/../lib/crti.o] ==> ignore
    arg [/store/anaconda3/bin/../lib/gcc/x86_64-conda_cos6-linux-gnu/7.2.0/crtbeginS.o] ==> ignore
    arg [-L/store/anaconda3/bin/../lib/gcc/x86_64-conda_cos6-linux-gnu/7.2.0] ==> dir [/store/anaconda3/bin/../lib/gcc/x86_64-conda_cos6-linux-gnu/7.2.0]
    arg [-L/store/anaconda3/bin/../lib/gcc] ==> dir [/store/anaconda3/bin/../lib/gcc]
    arg [-L/store/anaconda3/bin/../lib/gcc/x86_64-conda_cos6-linux-gnu/7.2.0/../../../../x86_64-conda_cos6-linux-gnu/lib/../lib] ==> dir [/store/anaconda3/bin/../lib/gcc/x86_64-conda_cos6-linux-gnu/7.2.0/../../../../x86_64-conda_cos6-linux-gnu/lib/../lib]
    arg [-L/store/anaconda3/bin/../x86_64-conda_cos6-linux-gnu/sysroot/lib/../lib] ==> dir [/store/anaconda3/bin/../x86_64-conda_cos6-linux-gnu/sysroot/lib/../lib]
    arg [-L/store/anaconda3/bin/../x86_64-conda_cos6-linux-gnu/sysroot/usr/lib/../lib] ==> dir [/store/anaconda3/bin/../x86_64-conda_cos6-linux-gnu/sysroot/usr/lib/../lib]
    arg [-L/store/anaconda3/bin/../lib/gcc/x86_64-conda_cos6-linux-gnu/7.2.0/../../../../x86_64-conda_cos6-linux-gnu/lib] ==> dir [/store/anaconda3/bin/../lib/gcc/x86_64-conda_cos6-linux-gnu/7.2.0/../../../../x86_64-conda_cos6-linux-gnu/lib]
    arg [-L/store/anaconda3/bin/../x86_64-conda_cos6-linux-gnu/sysroot/lib] ==> dir [/store/anaconda3/bin/../x86_64-conda_cos6-linux-gnu/sysroot/lib]
    arg [-L/store/anaconda3/bin/../x86_64-conda_cos6-linux-gnu/sysroot/usr/lib] ==> dir [/store/anaconda3/bin/../x86_64-conda_cos6-linux-gnu/sysroot/usr/lib]
    arg [-rpath] ==> ignore
    arg [/store/anaconda3/lib] ==> ignore
    arg [-O2] ==> ignore
    arg [--sort-common] ==> ignore
    arg [--as-needed] ==> ignore
    arg [-zrelro] ==> ignore
    arg [-znow] ==> ignore
    arg [CMakeFiles/cmTC_51f4c.dir/CMakeCCompilerABI.c.o] ==> ignore
    arg [-lgcc] ==> lib [gcc]
    arg [--as-needed] ==> ignore
    arg [-lgcc_s] ==> lib [gcc_s]
    arg [--no-as-needed] ==> ignore
    arg [-lc] ==> lib [c]
    arg [-lgcc] ==> lib [gcc]
    arg [--as-needed] ==> ignore
    arg [-lgcc_s] ==> lib [gcc_s]
    arg [--no-as-needed] ==> ignore
    arg [/store/anaconda3/bin/../lib/gcc/x86_64-conda_cos6-linux-gnu/7.2.0/crtendS.o] ==> ignore
    arg [/store/anaconda3/bin/../x86_64-conda_cos6-linux-gnu/sysroot/usr/lib/../lib/crtn.o] ==> ignore
  collapse library dir [/store/anaconda3/bin/../lib/gcc/x86_64-conda_cos6-linux-gnu/7.2.0] ==> [/store/anaconda3/lib/gcc/x86_64-conda_cos6-linux-gnu/7.2.0]
  collapse library dir [/store/anaconda3/bin/../lib/gcc] ==> [/store/anaconda3/lib/gcc]
  collapse library dir [/store/anaconda3/bin/../lib/gcc/x86_64-conda_cos6-linux-gnu/7.2.0/../../../../x86_64-conda_cos6-linux-gnu/lib/../lib] ==> [/store/anaconda3/x86_64-conda_cos6-linux-gnu/lib]
  collapse library dir [/store/anaconda3/bin/../x86_64-conda_cos6-linux-gnu/sysroot/lib/../lib] ==> [/store/anaconda3/x86_64-conda_cos6-linux-gnu/sysroot/lib]
  collapse library dir [/store/anaconda3/bin/../x86_64-conda_cos6-linux-gnu/sysroot/usr/lib/../lib] ==> [/store/anaconda3/x86_64-conda_cos6-linux-gnu/sysroot/usr/lib]
  collapse library dir [/store/anaconda3/bin/../lib/gcc/x86_64-conda_cos6-linux-gnu/7.2.0/../../../../x86_64-conda_cos6-linux-gnu/lib] ==> [/store/anaconda3/x86_64-conda_cos6-linux-gnu/lib]
  collapse library dir [/store/anaconda3/bin/../x86_64-conda_cos6-linux-gnu/sysroot/lib] ==> [/store/anaconda3/x86_64-conda_cos6-linux-gnu/sysroot/lib]
  collapse library dir [/store/anaconda3/bin/../x86_64-conda_cos6-linux-gnu/sysroot/usr/lib] ==> [/store/anaconda3/x86_64-conda_cos6-linux-gnu/sysroot/usr/lib]
  implicit libs: [gcc;gcc_s;c;gcc;gcc_s]
  implicit dirs: [/store/anaconda3/lib/gcc/x86_64-conda_cos6-linux-gnu/7.2.0;/store/anaconda3/lib/gcc;/store/anaconda3/x86_64-conda_cos6-linux-gnu/lib;/store/anaconda3/x86_64-conda_cos6-linux-gnu/sysroot/lib;/store/anaconda3/x86_64-conda_cos6-linux-gnu/sysroot/usr/lib]
  implicit fwks: []




Detecting C [-std=c11] compiler features compiled with the following output:
Change Dir: /store/qzhong/vscode/netyo/CMakeFiles/CMakeTmp

Run Build Command:"/usr/bin/make" "cmTC_58b9d/fast"
/usr/bin/make -f CMakeFiles/cmTC_58b9d.dir/build.make CMakeFiles/cmTC_58b9d.dir/build
make[1]: Entering directory '/store/qzhong/vscode/netyo/CMakeFiles/CMakeTmp'
Building C object CMakeFiles/cmTC_58b9d.dir/feature_tests.c.o
/store/anaconda3/bin/x86_64-conda_cos6-linux-gnu-cc   -march=nocona -mtune=haswell -ftree-vectorize -fPIC -fstack-protector-strong -fno-plt -O2 -pipe    -std=c11 -o CMakeFiles/cmTC_58b9d.dir/feature_tests.c.o   -c /store/qzhong/vscode/netyo/CMakeFiles/feature_tests.c
Linking C executable cmTC_58b9d
/usr/bin/cmake -E cmake_link_script CMakeFiles/cmTC_58b9d.dir/link.txt --verbose=1
/store/anaconda3/bin/x86_64-conda_cos6-linux-gnu-cc -march=nocona -mtune=haswell -ftree-vectorize -fPIC -fstack-protector-strong -fno-plt -O2 -pipe   -Wl,-O2 -Wl,--sort-common -Wl,--as-needed -Wl,-z,relro -Wl,-z,now  -rdynamic CMakeFiles/cmTC_58b9d.dir/feature_tests.c.o  -o cmTC_58b9d 
make[1]: Leaving directory '/store/qzhong/vscode/netyo/CMakeFiles/CMakeTmp'


    Feature record: C_FEATURE:1c_function_prototypes
    Feature record: C_FEATURE:1c_restrict
    Feature record: C_FEATURE:1c_static_assert
    Feature record: C_FEATURE:1c_variadic_macros


Detecting C [-std=c99] compiler features compiled with the following output:
Change Dir: /store/qzhong/vscode/netyo/CMakeFiles/CMakeTmp

Run Build Command:"/usr/bin/make" "cmTC_6363f/fast"
/usr/bin/make -f CMakeFiles/cmTC_6363f.dir/build.make CMakeFiles/cmTC_6363f.dir/build
make[1]: Entering directory '/store/qzhong/vscode/netyo/CMakeFiles/CMakeTmp'
Building C object CMakeFiles/cmTC_6363f.dir/feature_tests.c.o
/store/anaconda3/bin/x86_64-conda_cos6-linux-gnu-cc   -march=nocona -mtune=haswell -ftree-vectorize -fPIC -fstack-protector-strong -fno-plt -O2 -pipe    -std=c99 -o CMakeFiles/cmTC_6363f.dir/feature_tests.c.o   -c /store/qzhong/vscode/netyo/CMakeFiles/feature_tests.c
Linking C executable cmTC_6363f
/usr/bin/cmake -E cmake_link_script CMakeFiles/cmTC_6363f.dir/link.txt --verbose=1
/store/anaconda3/bin/x86_64-conda_cos6-linux-gnu-cc -march=nocona -mtune=haswell -ftree-vectorize -fPIC -fstack-protector-strong -fno-plt -O2 -pipe   -Wl,-O2 -Wl,--sort-common -Wl,--as-needed -Wl,-z,relro -Wl,-z,now  -rdynamic CMakeFiles/cmTC_6363f.dir/feature_tests.c.o  -o cmTC_6363f 
make[1]: Leaving directory '/store/qzhong/vscode/netyo/CMakeFiles/CMakeTmp'


    Feature record: C_FEATURE:1c_function_prototypes
    Feature record: C_FEATURE:1c_restrict
    Feature record: C_FEATURE:0c_static_assert
    Feature record: C_FEATURE:1c_variadic_macros


Detecting C [-std=c90] compiler features compiled with the following output:
Change Dir: /store/qzhong/vscode/netyo/CMakeFiles/CMakeTmp

Run Build Command:"/usr/bin/make" "cmTC_717e9/fast"
/usr/bin/make -f CMakeFiles/cmTC_717e9.dir/build.make CMakeFiles/cmTC_717e9.dir/build
make[1]: Entering directory '/store/qzhong/vscode/netyo/CMakeFiles/CMakeTmp'
Building C object CMakeFiles/cmTC_717e9.dir/feature_tests.c.o
/store/anaconda3/bin/x86_64-conda_cos6-linux-gnu-cc   -march=nocona -mtune=haswell -ftree-vectorize -fPIC -fstack-protector-strong -fno-plt -O2 -pipe    -std=c90 -o CMakeFiles/cmTC_717e9.dir/feature_tests.c.o   -c /store/qzhong/vscode/netyo/CMakeFiles/feature_tests.c
Linking C executable cmTC_717e9
/usr/bin/cmake -E cmake_link_script CMakeFiles/cmTC_717e9.dir/link.txt --verbose=1
/store/anaconda3/bin/x86_64-conda_cos6-linux-gnu-cc -march=nocona -mtune=haswell -ftree-vectorize -fPIC -fstack-protector-strong -fno-plt -O2 -pipe   -Wl,-O2 -Wl,--sort-common -Wl,--as-needed -Wl,-z,relro -Wl,-z,now  -rdynamic CMakeFiles/cmTC_717e9.dir/feature_tests.c.o  -o cmTC_717e9 
make[1]: Leaving directory '/store/qzhong/vscode/netyo/CMakeFiles/CMakeTmp'


    Feature record: C_FEATURE:1c_function_prototypes
    Feature record: C_FEATURE:0c_restrict
    Feature record: C_FEATURE:0c_static_assert
    Feature record: C_FEATURE:0c_variadic_macros
Determining if the CXX compiler works passed with the following output:
Change Dir: /store/qzhong/vscode/netyo/CMakeFiles/CMakeTmp

Run Build Command:"/usr/bin/make" "cmTC_a7a0a/fast"
/usr/bin/make -f CMakeFiles/cmTC_a7a0a.dir/build.make CMakeFiles/cmTC_a7a0a.dir/build
make[1]: Entering directory '/store/qzhong/vscode/netyo/CMakeFiles/CMakeTmp'
Building CXX object CMakeFiles/cmTC_a7a0a.dir/testCXXCompiler.cxx.o
/store/anaconda3/bin/x86_64-conda_cos6-linux-gnu-c++    -fvisibility-inlines-hidden -std=c++17 -fmessage-length=0 -march=nocona -mtune=haswell -ftree-vectorize -fPIC -fstack-protector-strong -fno-plt -O2 -pipe    -o CMakeFiles/cmTC_a7a0a.dir/testCXXCompiler.cxx.o -c /store/qzhong/vscode/netyo/CMakeFiles/CMakeTmp/testCXXCompiler.cxx
Linking CXX executable cmTC_a7a0a
/usr/bin/cmake -E cmake_link_script CMakeFiles/cmTC_a7a0a.dir/link.txt --verbose=1
/store/anaconda3/bin/x86_64-conda_cos6-linux-gnu-c++  -fvisibility-inlines-hidden -std=c++17 -fmessage-length=0 -march=nocona -mtune=haswell -ftree-vectorize -fPIC -fstack-protector-strong -fno-plt -O2 -pipe   -Wl,-O2 -Wl,--sort-common -Wl,--as-needed -Wl,-z,relro -Wl,-z,now  -rdynamic CMakeFiles/cmTC_a7a0a.dir/testCXXCompiler.cxx.o  -o cmTC_a7a0a 
make[1]: Leaving directory '/store/qzhong/vscode/netyo/CMakeFiles/CMakeTmp'


Detecting CXX compiler ABI info compiled with the following output:
Change Dir: /store/qzhong/vscode/netyo/CMakeFiles/CMakeTmp

Run Build Command:"/usr/bin/make" "cmTC_f44fd/fast"
/usr/bin/make -f CMakeFiles/cmTC_f44fd.dir/build.make CMakeFiles/cmTC_f44fd.dir/build
make[1]: Entering directory '/store/qzhong/vscode/netyo/CMakeFiles/CMakeTmp'
Building CXX object CMakeFiles/cmTC_f44fd.dir/CMakeCXXCompilerABI.cpp.o
/store/anaconda3/bin/x86_64-conda_cos6-linux-gnu-c++    -fvisibility-inlines-hidden -std=c++17 -fmessage-length=0 -march=nocona -mtune=haswell -ftree-vectorize -fPIC -fstack-protector-strong -fno-plt -O2 -pipe    -o CMakeFiles/cmTC_f44fd.dir/CMakeCXXCompilerABI.cpp.o -c /usr/share/cmake-3.10/Modules/CMakeCXXCompilerABI.cpp
Linking CXX executable cmTC_f44fd
/usr/bin/cmake -E cmake_link_script CMakeFiles/cmTC_f44fd.dir/link.txt --verbose=1
/store/anaconda3/bin/x86_64-conda_cos6-linux-gnu-c++  -fvisibility-inlines-hidden -std=c++17 -fmessage-length=0 -march=nocona -mtune=haswell -ftree-vectorize -fPIC -fstack-protector-strong -fno-plt -O2 -pipe   -Wl,-O2 -Wl,--sort-common -Wl,--as-needed -Wl,-z,relro -Wl,-z,now -v -rdynamic CMakeFiles/cmTC_f44fd.dir/CMakeCXXCompilerABI.cpp.o  -o cmTC_f44fd 
Reading specs from /store/anaconda3/bin/../lib/gcc/x86_64-conda_cos6-linux-gnu/7.2.0/specs
COLLECT_GCC=/store/anaconda3/bin/x86_64-conda_cos6-linux-gnu-c++
COLLECT_LTO_WRAPPER=/store/anaconda3/bin/../libexec/gcc/x86_64-conda_cos6-linux-gnu/7.2.0/lto-wrapper
Target: x86_64-conda_cos6-linux-gnu
Configured with: /opt/conda/conda-bld/compilers_linux-64_1520532893746/work/.build/src/gcc-7.2.0/configure --build=x86_64-build_pc-linux-gnu --host=x86_64-build_pc-linux-gnu --target=x86_64-conda_cos6-linux-gnu --prefix=/opt/conda/conda-bld/compilers_linux-64_1520532893746/work/gcc_built --with-sysroot=/opt/conda/conda-bld/compilers_linux-64_1520532893746/work/gcc_built/x86_64-conda_cos6-linux-gnu/sysroot --enable-languages=c,c++,fortran,objc,obj-c++ --with-pkgversion='crosstool-NG fa8859cb' --enable-__cxa_atexit --disable-libmudflap --enable-libgomp --disable-libssp --enable-libquadmath --enable-libquadmath-support --enable-libsanitizer --enable-libmpx --with-gmp=/opt/conda/conda-bld/compilers_linux-64_1520532893746/work/.build/x86_64-conda_cos6-linux-gnu/buildtools --with-mpfr=/opt/conda/conda-bld/compilers_linux-64_1520532893746/work/.build/x86_64-conda_cos6-linux-gnu/buildtools --with-mpc=/opt/conda/conda-bld/compilers_linux-64_1520532893746/work/.build/x86_64-conda_cos6-linux-gnu/buildtools --with-isl=/opt/conda/conda-bld/compilers_linux-64_1520532893746/work/.build/x86_64-conda_cos6-linux-gnu/buildtools --enable-lto --enable-threads=posix --enable-target-optspace --enable-plugin --enable-gold --disable-nls --disable-multilib --with-local-prefix=/opt/conda/conda-bld/compilers_linux-64_1520532893746/work/gcc_built/x86_64-conda_cos6-linux-gnu/sysroot --enable-long-long --enable-default-pie
Thread model: posix
gcc version 7.2.0 (crosstool-NG fa8859cb) 
COMPILER_PATH=/store/anaconda3/bin/../libexec/gcc/x86_64-conda_cos6-linux-gnu/7.2.0/:/store/anaconda3/bin/../libexec/gcc/:/store/anaconda3/bin/../lib/gcc/x86_64-conda_cos6-linux-gnu/7.2.0/../../../../x86_64-conda_cos6-linux-gnu/bin/
LIBRARY_PATH=/store/anaconda3/bin/../lib/gcc/x86_64-conda_cos6-linux-gnu/7.2.0/:/store/anaconda3/bin/../lib/gcc/:/store/anaconda3/bin/../lib/gcc/x86_64-conda_cos6-linux-gnu/7.2.0/../../../../x86_64-conda_cos6-linux-gnu/lib/../lib/:/store/anaconda3/bin/../x86_64-conda_cos6-linux-gnu/sysroot/lib/../lib/:/store/anaconda3/bin/../x86_64-conda_cos6-linux-gnu/sysroot/usr/lib/../lib/:/store/anaconda3/bin/../lib/gcc/x86_64-conda_cos6-linux-gnu/7.2.0/../../../../x86_64-conda_cos6-linux-gnu/lib/:/store/anaconda3/bin/../x86_64-conda_cos6-linux-gnu/sysroot/lib/:/store/anaconda3/bin/../x86_64-conda_cos6-linux-gnu/sysroot/usr/lib/
COLLECT_GCC_OPTIONS='-fvisibility-inlines-hidden' '-std=c++1z' '-fmessage-length=0' '-march=nocona' '-mtune=haswell' '-ftree-vectorize' '-fPIC' '-fstack-protector-strong' '-fno-plt' '-O2' '-pipe' '-v' '-rdynamic' '-o' 'cmTC_f44fd' '-shared-libgcc'
 /store/anaconda3/bin/../libexec/gcc/x86_64-conda_cos6-linux-gnu/7.2.0/collect2 -plugin /store/anaconda3/bin/../libexec/gcc/x86_64-conda_cos6-linux-gnu/7.2.0/liblto_plugin.so -plugin-opt=/store/anaconda3/bin/../libexec/gcc/x86_64-conda_cos6-linux-gnu/7.2.0/lto-wrapper -plugin-opt=-fresolution=/tmp/ccOWVSNs.res -plugin-opt=-pass-through=-lgcc_s -plugin-opt=-pass-through=-lgcc -plugin-opt=-pass-through=-lc -plugin-opt=-pass-through=-lgcc_s -plugin-opt=-pass-through=-lgcc --sysroot=/store/anaconda3/bin/../x86_64-conda_cos6-linux-gnu/sysroot --eh-frame-hdr -m elf_x86_64 -export-dynamic -dynamic-linker /lib64/ld-linux-x86-64.so.2 -pie -o cmTC_f44fd /store/anaconda3/bin/../x86_64-conda_cos6-linux-gnu/sysroot/usr/lib/../lib/Scrt1.o /store/anaconda3/bin/../x86_64-conda_cos6-linux-gnu/sysroot/usr/lib/../lib/crti.o /store/anaconda3/bin/../lib/gcc/x86_64-conda_cos6-linux-gnu/7.2.0/crtbeginS.o -L/store/anaconda3/bin/../lib/gcc/x86_64-conda_cos6-linux-gnu/7.2.0 -L/store/anaconda3/bin/../lib/gcc -L/store/anaconda3/bin/../lib/gcc/x86_64-conda_cos6-linux-gnu/7.2.0/../../../../x86_64-conda_cos6-linux-gnu/lib/../lib -L/store/anaconda3/bin/../x86_64-conda_cos6-linux-gnu/sysroot/lib/../lib -L/store/anaconda3/bin/../x86_64-conda_cos6-linux-gnu/sysroot/usr/lib/../lib -L/store/anaconda3/bin/../lib/gcc/x86_64-conda_cos6-linux-gnu/7.2.0/../../../../x86_64-conda_cos6-linux-gnu/lib -L/store/anaconda3/bin/../x86_64-conda_cos6-linux-gnu/sysroot/lib -L/store/anaconda3/bin/../x86_64-conda_cos6-linux-gnu/sysroot/usr/lib -rpath /store/anaconda3/lib -O2 --sort-common --as-needed -z relro -z now CMakeFiles/cmTC_f44fd.dir/CMakeCXXCompilerABI.cpp.o -lstdc++ -lm -lgcc_s -lgcc -lc -lgcc_s -lgcc /store/anaconda3/bin/../lib/gcc/x86_64-conda_cos6-linux-gnu/7.2.0/crtendS.o /store/anaconda3/bin/../x86_64-conda_cos6-linux-gnu/sysroot/usr/lib/../lib/crtn.o
COLLECT_GCC_OPTIONS='-fvisibility-inlines-hidden' '-std=c++1z' '-fmessage-length=0' '-march=nocona' '-mtune=haswell' '-ftree-vectorize' '-fPIC' '-fstack-protector-strong' '-fno-plt' '-O2' '-pipe' '-v' '-rdynamic' '-o' 'cmTC_f44fd' '-shared-libgcc'
make[1]: Leaving directory '/store/qzhong/vscode/netyo/CMakeFiles/CMakeTmp'


Parsed CXX implicit link information from above output:
  link line regex: [^( *|.*[/\])(ld|CMAKE_LINK_STARTFILE-NOTFOUND|([^/\]+-)?ld|collect2)[^/\]*( |$)]
  ignore line: [Change Dir: /store/qzhong/vscode/netyo/CMakeFiles/CMakeTmp]
  ignore line: []
  ignore line: [Run Build Command:"/usr/bin/make" "cmTC_f44fd/fast"]
  ignore line: [/usr/bin/make -f CMakeFiles/cmTC_f44fd.dir/build.make CMakeFiles/cmTC_f44fd.dir/build]
  ignore line: [make[1]: Entering directory '/store/qzhong/vscode/netyo/CMakeFiles/CMakeTmp']
  ignore line: [Building CXX object CMakeFiles/cmTC_f44fd.dir/CMakeCXXCompilerABI.cpp.o]
  ignore line: [/store/anaconda3/bin/x86_64-conda_cos6-linux-gnu-c++    -fvisibility-inlines-hidden -std=c++17 -fmessage-length=0 -march=nocona -mtune=haswell -ftree-vectorize -fPIC -fstack-protector-strong -fno-plt -O2 -pipe    -o CMakeFiles/cmTC_f44fd.dir/CMakeCXXCompilerABI.cpp.o -c /usr/share/cmake-3.10/Modules/CMakeCXXCompilerABI.cpp]
  ignore line: [Linking CXX executable cmTC_f44fd]
  ignore line: [/usr/bin/cmake -E cmake_link_script CMakeFiles/cmTC_f44fd.dir/link.txt --verbose=1]
  ignore line: [/store/anaconda3/bin/x86_64-conda_cos6-linux-gnu-c++  -fvisibility-inlines-hidden -std=c++17 -fmessage-length=0 -march=nocona -mtune=haswell -ftree-vectorize -fPIC -fstack-protector-strong -fno-plt -O2 -pipe   -Wl,-O2 -Wl,--sort-common -Wl,--as-needed -Wl,-z,relro -Wl,-z,now -v -rdynamic CMakeFiles/cmTC_f44fd.dir/CMakeCXXCompilerABI.cpp.o  -o cmTC_f44fd ]
  ignore line: [Reading specs from /store/anaconda3/bin/../lib/gcc/x86_64-conda_cos6-linux-gnu/7.2.0/specs]
  ignore line: [COLLECT_GCC=/store/anaconda3/bin/x86_64-conda_cos6-linux-gnu-c++]
  ignore line: [COLLECT_LTO_WRAPPER=/store/anaconda3/bin/../libexec/gcc/x86_64-conda_cos6-linux-gnu/7.2.0/lto-wrapper]
  ignore line: [Target: x86_64-conda_cos6-linux-gnu]
  ignore line: [Configured with: /opt/conda/conda-bld/compilers_linux-64_1520532893746/work/.build/src/gcc-7.2.0/configure --build=x86_64-build_pc-linux-gnu --host=x86_64-build_pc-linux-gnu --target=x86_64-conda_cos6-linux-gnu --prefix=/opt/conda/conda-bld/compilers_linux-64_1520532893746/work/gcc_built --with-sysroot=/opt/conda/conda-bld/compilers_linux-64_1520532893746/work/gcc_built/x86_64-conda_cos6-linux-gnu/sysroot --enable-languages=c,c++,fortran,objc,obj-c++ --with-pkgversion='crosstool-NG fa8859cb' --enable-__cxa_atexit --disable-libmudflap --enable-libgomp --disable-libssp --enable-libquadmath --enable-libquadmath-support --enable-libsanitizer --enable-libmpx --with-gmp=/opt/conda/conda-bld/compilers_linux-64_1520532893746/work/.build/x86_64-conda_cos6-linux-gnu/buildtools --with-mpfr=/opt/conda/conda-bld/compilers_linux-64_1520532893746/work/.build/x86_64-conda_cos6-linux-gnu/buildtools --with-mpc=/opt/conda/conda-bld/compilers_linux-64_1520532893746/work/.build/x86_64-conda_cos6-linux-gnu/buildtools --with-isl=/opt/conda/conda-bld/compilers_linux-64_1520532893746/work/.build/x86_64-conda_cos6-linux-gnu/buildtools --enable-lto --enable-threads=posix --enable-target-optspace --enable-plugin --enable-gold --disable-nls --disable-multilib --with-local-prefix=/opt/conda/conda-bld/compilers_linux-64_1520532893746/work/gcc_built/x86_64-conda_cos6-linux-gnu/sysroot --enable-long-long --enable-default-pie]
  ignore line: [Thread model: posix]
  ignore line: [gcc version 7.2.0 (crosstool-NG fa8859cb) ]
  ignore line: [COMPILER_PATH=/store/anaconda3/bin/../libexec/gcc/x86_64-conda_cos6-linux-gnu/7.2.0/:/store/anaconda3/bin/../libexec/gcc/:/store/anaconda3/bin/../lib/gcc/x86_64-conda_cos6-linux-gnu/7.2.0/../../../../x86_64-conda_cos6-linux-gnu/bin/]
  ignore line: [LIBRARY_PATH=/store/anaconda3/bin/../lib/gcc/x86_64-conda_cos6-linux-gnu/7.2.0/:/store/anaconda3/bin/../lib/gcc/:/store/anaconda3/bin/../lib/gcc/x86_64-conda_cos6-linux-gnu/7.2.0/../../../../x86_64-conda_cos6-linux-gnu/lib/../lib/:/store/anaconda3/bin/../x86_64-conda_cos6-linux-gnu/sysroot/lib/../lib/:/store/anaconda3/bin/../x86_64-conda_cos6-linux-gnu/sysroot/usr/lib/../lib/:/store/anaconda3/bin/../lib/gcc/x86_64-conda_cos6-linux-gnu/7.2.0/../../../../x86_64-conda_cos6-linux-gnu/lib/:/store/anaconda3/bin/../x86_64-conda_cos6-linux-gnu/sysroot/lib/:/store/anaconda3/bin/../x86_64-conda_cos6-linux-gnu/sysroot/usr/lib/]
  ignore line: [COLLECT_GCC_OPTIONS='-fvisibility-inlines-hidden' '-std=c++1z' '-fmessage-length=0' '-march=nocona' '-mtune=haswell' '-ftree-vectorize' '-fPIC' '-fstack-protector-strong' '-fno-plt' '-O2' '-pipe' '-v' '-rdynamic' '-o' 'cmTC_f44fd' '-shared-libgcc']
  link line: [ /store/anaconda3/bin/../libexec/gcc/x86_64-conda_cos6-linux-gnu/7.2.0/collect2 -plugin /store/anaconda3/bin/../libexec/gcc/x86_64-conda_cos6-linux-gnu/7.2.0/liblto_plugin.so -plugin-opt=/store/anaconda3/bin/../libexec/gcc/x86_64-conda_cos6-linux-gnu/7.2.0/lto-wrapper -plugin-opt=-fresolution=/tmp/ccOWVSNs.res -plugin-opt=-pass-through=-lgcc_s -plugin-opt=-pass-through=-lgcc -plugin-opt=-pass-through=-lc -plugin-opt=-pass-through=-lgcc_s -plugin-opt=-pass-through=-lgcc --sysroot=/store/anaconda3/bin/../x86_64-conda_cos6-linux-gnu/sysroot --eh-frame-hdr -m elf_x86_64 -export-dynamic -dynamic-linker /lib64/ld-linux-x86-64.so.2 -pie -o cmTC_f44fd /store/anaconda3/bin/../x86_64-conda_cos6-linux-gnu/sysroot/usr/lib/../lib/Scrt1.o /store/anaconda3/bin/../x86_64-conda_cos6-linux-gnu/sysroot/usr/lib/../lib/crti.o /store/anaconda3/bin/../lib/gcc/x86_64-conda_cos6-linux-gnu/7.2.0/crtbeginS.o -L/store/anaconda3/bin/../lib/gcc/x86_64-conda_cos6-linux-gnu/7.2.0 -L/store/anaconda3/bin/../lib/gcc -L/store/anaconda3/bin/../lib/gcc/x86_64-conda_cos6-linux-gnu/7.2.0/../../../../x86_64-conda_cos6-linux-gnu/lib/../lib -L/store/anaconda3/bin/../x86_64-conda_cos6-linux-gnu/sysroot/lib/../lib -L/store/anaconda3/bin/../x86_64-conda_cos6-linux-gnu/sysroot/usr/lib/../lib -L/store/anaconda3/bin/../lib/gcc/x86_64-conda_cos6-linux-gnu/7.2.0/../../../../x86_64-conda_cos6-linux-gnu/lib -L/store/anaconda3/bin/../x86_64-conda_cos6-linux-gnu/sysroot/lib -L/store/anaconda3/bin/../x86_64-conda_cos6-linux-gnu/sysroot/usr/lib -rpath /store/anaconda3/lib -O2 --sort-common --as-needed -z relro -z now CMakeFiles/cmTC_f44fd.dir/CMakeCXXCompilerABI.cpp.o -lstdc++ -lm -lgcc_s -lgcc -lc -lgcc_s -lgcc /store/anaconda3/bin/../lib/gcc/x86_64-conda_cos6-linux-gnu/7.2.0/crtendS.o /store/anaconda3/bin/../x86_64-conda_cos6-linux-gnu/sysroot/usr/lib/../lib/crtn.o]
    arg [/store/anaconda3/bin/../libexec/gcc/x86_64-conda_cos6-linux-gnu/7.2.0/collect2] ==> ignore
    arg [-plugin] ==> ignore
    arg [/store/anaconda3/bin/../libexec/gcc/x86_64-conda_cos6-linux-gnu/7.2.0/liblto_plugin.so] ==> ignore
    arg [-plugin-opt=/store/anaconda3/bin/../libexec/gcc/x86_64-conda_cos6-linux-gnu/7.2.0/lto-wrapper] ==> ignore
    arg [-plugin-opt=-fresolution=/tmp/ccOWVSNs.res] ==> ignore
    arg [-plugin-opt=-pass-through=-lgcc_s] ==> ignore
    arg [-plugin-opt=-pass-through=-lgcc] ==> ignore
    arg [-plugin-opt=-pass-through=-lc] ==> ignore
    arg [-plugin-opt=-pass-through=-lgcc_s] ==> ignore
    arg [-plugin-opt=-pass-through=-lgcc] ==> ignore
    arg [--sysroot=/store/anaconda3/bin/../x86_64-conda_cos6-linux-gnu/sysroot] ==> ignore
    arg [--eh-frame-hdr] ==> ignore
    arg [-m] ==> ignore
    arg [elf_x86_64] ==> ignore
    arg [-export-dynamic] ==> ignore
    arg [-dynamic-linker] ==> ignore
    arg [/lib64/ld-linux-x86-64.so.2] ==> ignore
    arg [-pie] ==> ignore
    arg [-o] ==> ignore
    arg [cmTC_f44fd] ==> ignore
    arg [/store/anaconda3/bin/../x86_64-conda_cos6-linux-gnu/sysroot/usr/lib/../lib/Scrt1.o] ==> ignore
    arg [/store/anaconda3/bin/../x86_64-conda_cos6-linux-gnu/sysroot/usr/lib/../lib/crti.o] ==> ignore
    arg [/store/anaconda3/bin/../lib/gcc/x86_64-conda_cos6-linux-gnu/7.2.0/crtbeginS.o] ==> ignore
    arg [-L/store/anaconda3/bin/../lib/gcc/x86_64-conda_cos6-linux-gnu/7.2.0] ==> dir [/store/anaconda3/bin/../lib/gcc/x86_64-conda_cos6-linux-gnu/7.2.0]
    arg [-L/store/anaconda3/bin/../lib/gcc] ==> dir [/store/anaconda3/bin/../lib/gcc]
    arg [-L/store/anaconda3/bin/../lib/gcc/x86_64-conda_cos6-linux-gnu/7.2.0/../../../../x86_64-conda_cos6-linux-gnu/lib/../lib] ==> dir [/store/anaconda3/bin/../lib/gcc/x86_64-conda_cos6-linux-gnu/7.2.0/../../../../x86_64-conda_cos6-linux-gnu/lib/../lib]
    arg [-L/store/anaconda3/bin/../x86_64-conda_cos6-linux-gnu/sysroot/lib/../lib] ==> dir [/store/anaconda3/bin/../x86_64-conda_cos6-linux-gnu/sysroot/lib/../lib]
    arg [-L/store/anaconda3/bin/../x86_64-conda_cos6-linux-gnu/sysroot/usr/lib/../lib] ==> dir [/store/anaconda3/bin/../x86_64-conda_cos6-linux-gnu/sysroot/usr/lib/../lib]
    arg [-L/store/anaconda3/bin/../lib/gcc/x86_64-conda_cos6-linux-gnu/7.2.0/../../../../x86_64-conda_cos6-linux-gnu/lib] ==> dir [/store/anaconda3/bin/../lib/gcc/x86_64-conda_cos6-linux-gnu/7.2.0/../../../../x86_64-conda_cos6-linux-gnu/lib]
    arg [-L/store/anaconda3/bin/../x86_64-conda_cos6-linux-gnu/sysroot/lib] ==> dir [/store/anaconda3/bin/../x86_64-conda_cos6-linux-gnu/sysroot/lib]
    arg [-L/store/anaconda3/bin/../x86_64-conda_cos6-linux-gnu/sysroot/usr/lib] ==> dir [/store/anaconda3/bin/../x86_64-conda_cos6-linux-gnu/sysroot/usr/lib]
    arg [-rpath] ==> ignore
    arg [/store/anaconda3/lib] ==> ignore
    arg [-O2] ==> ignore
    arg [--sort-common] ==> ignore
    arg [--as-needed] ==> ignore
    arg [-zrelro] ==> ignore
    arg [-znow] ==> ignore
    arg [CMakeFiles/cmTC_f44fd.dir/CMakeCXXCompilerABI.cpp.o] ==> ignore
    arg [-lstdc++] ==> lib [stdc++]
    arg [-lm] ==> lib [m]
    arg [-lgcc_s] ==> lib [gcc_s]
    arg [-lgcc] ==> lib [gcc]
    arg [-lc] ==> lib [c]
    arg [-lgcc_s] ==> lib [gcc_s]
    arg [-lgcc] ==> lib [gcc]
    arg [/store/anaconda3/bin/../lib/gcc/x86_64-conda_cos6-linux-gnu/7.2.0/crtendS.o] ==> ignore
    arg [/store/anaconda3/bin/../x86_64-conda_cos6-linux-gnu/sysroot/usr/lib/../lib/crtn.o] ==> ignore
  collapse library dir [/store/anaconda3/bin/../lib/gcc/x86_64-conda_cos6-linux-gnu/7.2.0] ==> [/store/anaconda3/lib/gcc/x86_64-conda_cos6-linux-gnu/7.2.0]
  collapse library dir [/store/anaconda3/bin/../lib/gcc] ==> [/store/anaconda3/lib/gcc]
  collapse library dir [/store/anaconda3/bin/../lib/gcc/x86_64-conda_cos6-linux-gnu/7.2.0/../../../../x86_64-conda_cos6-linux-gnu/lib/../lib] ==> [/store/anaconda3/x86_64-conda_cos6-linux-gnu/lib]
  collapse library dir [/store/anaconda3/bin/../x86_64-conda_cos6-linux-gnu/sysroot/lib/../lib] ==> [/store/anaconda3/x86_64-conda_cos6-linux-gnu/sysroot/lib]
  collapse library dir [/store/anaconda3/bin/../x86_64-conda_cos6-linux-gnu/sysroot/usr/lib/../lib] ==> [/store/anaconda3/x86_64-conda_cos6-linux-gnu/sysroot/usr/lib]
  collapse library dir [/store/anaconda3/bin/../lib/gcc/x86_64-conda_cos6-linux-gnu/7.2.0/../../../../x86_64-conda_cos6-linux-gnu/lib] ==> [/store/anaconda3/x86_64-conda_cos6-linux-gnu/lib]
  collapse library dir [/store/anaconda3/bin/../x86_64-conda_cos6-linux-gnu/sysroot/lib] ==> [/store/anaconda3/x86_64-conda_cos6-linux-gnu/sysroot/lib]
  collapse library dir [/store/anaconda3/bin/../x86_64-conda_cos6-linux-gnu/sysroot/usr/lib] ==> [/store/anaconda3/x86_64-conda_cos6-linux-gnu/sysroot/usr/lib]
  implicit libs: [stdc++;m;gcc_s;gcc;c;gcc_s;gcc]
  implicit dirs: [/store/anaconda3/lib/gcc/x86_64-conda_cos6-linux-gnu/7.2.0;/store/anaconda3/lib/gcc;/store/anaconda3/x86_64-conda_cos6-linux-gnu/lib;/store/anaconda3/x86_64-conda_cos6-linux-gnu/sysroot/lib;/store/anaconda3/x86_64-conda_cos6-linux-gnu/sysroot/usr/lib]
  implicit fwks: []




Detecting CXX [-std=c++1z] compiler features compiled with the following output:
Change Dir: /store/qzhong/vscode/netyo/CMakeFiles/CMakeTmp

Run Build Command:"/usr/bin/make" "cmTC_69abd/fast"
/usr/bin/make -f CMakeFiles/cmTC_69abd.dir/build.make CMakeFiles/cmTC_69abd.dir/build
make[1]: Entering directory '/store/qzhong/vscode/netyo/CMakeFiles/CMakeTmp'
Building CXX object CMakeFiles/cmTC_69abd.dir/feature_tests.cxx.o
/store/anaconda3/bin/x86_64-conda_cos6-linux-gnu-c++    -fvisibility-inlines-hidden -std=c++17 -fmessage-length=0 -march=nocona -mtune=haswell -ftree-vectorize -fPIC -fstack-protector-strong -fno-plt -O2 -pipe    -std=c++1z -o CMakeFiles/cmTC_69abd.dir/feature_tests.cxx.o -c /store/qzhong/vscode/netyo/CMakeFiles/feature_tests.cxx
Linking CXX executable cmTC_69abd
/usr/bin/cmake -E cmake_link_script CMakeFiles/cmTC_69abd.dir/link.txt --verbose=1
/store/anaconda3/bin/x86_64-conda_cos6-linux-gnu-c++  -fvisibility-inlines-hidden -std=c++17 -fmessage-length=0 -march=nocona -mtune=haswell -ftree-vectorize -fPIC -fstack-protector-strong -fno-plt -O2 -pipe   -Wl,-O2 -Wl,--sort-common -Wl,--as-needed -Wl,-z,relro -Wl,-z,now  -rdynamic CMakeFiles/cmTC_69abd.dir/feature_tests.cxx.o  -o cmTC_69abd 
make[1]: Leaving directory '/store/qzhong/vscode/netyo/CMakeFiles/CMakeTmp'


    Feature record: CXX_FEATURE:1cxx_aggregate_default_initializers
    Feature record: CXX_FEATURE:1cxx_alias_templates
    Feature record: CXX_FEATURE:1cxx_alignas
    Feature record: CXX_FEATURE:1cxx_alignof
    Feature record: CXX_FEATURE:1cxx_attributes
    Feature record: CXX_FEATURE:1cxx_attribute_deprecated
    Feature record: CXX_FEATURE:1cxx_auto_type
    Feature record: CXX_FEATURE:1cxx_binary_literals
    Feature record: CXX_FEATURE:1cxx_constexpr
    Feature record: CXX_FEATURE:1cxx_contextual_conversions
    Feature record: CXX_FEATURE:1cxx_decltype
    Feature record: CXX_FEATURE:1cxx_decltype_auto
    Feature record: CXX_FEATURE:1cxx_decltype_incomplete_return_types
    Feature record: CXX_FEATURE:1cxx_default_function_template_args
    Feature record: CXX_FEATURE:1cxx_defaulted_functions
    Feature record: CXX_FEATURE:1cxx_defaulted_move_initializers
    Feature record: CXX_FEATURE:1cxx_delegating_constructors
    Feature record: CXX_FEATURE:1cxx_deleted_functions
    Feature record: CXX_FEATURE:1cxx_digit_separators
    Feature record: CXX_FEATURE:1cxx_enum_forward_declarations
    Feature record: CXX_FEATURE:1cxx_explicit_conversions
    Feature record: CXX_FEATURE:1cxx_extended_friend_declarations
    Feature record: CXX_FEATURE:1cxx_extern_templates
    Feature record: CXX_FEATURE:1cxx_final
    Feature record: CXX_FEATURE:1cxx_func_identifier
    Feature record: CXX_FEATURE:1cxx_generalized_initializers
    Feature record: CXX_FEATURE:1cxx_generic_lambdas
    Feature record: CXX_FEATURE:1cxx_inheriting_constructors
    Feature record: CXX_FEATURE:1cxx_inline_namespaces
    Feature record: CXX_FEATURE:1cxx_lambdas
    Feature record: CXX_FEATURE:1cxx_lambda_init_captures
    Feature record: CXX_FEATURE:1cxx_local_type_template_args
    Feature record: CXX_FEATURE:1cxx_long_long_type
    Feature record: CXX_FEATURE:1cxx_noexcept
    Feature record: CXX_FEATURE:1cxx_nonstatic_member_init
    Feature record: CXX_FEATURE:1cxx_nullptr
    Feature record: CXX_FEATURE:1cxx_override
    Feature record: CXX_FEATURE:1cxx_range_for
    Feature record: CXX_FEATURE:1cxx_raw_string_literals
    Feature record: CXX_FEATURE:1cxx_reference_qualified_functions
    Feature record: CXX_FEATURE:1cxx_relaxed_constexpr
    Feature record: CXX_FEATURE:1cxx_return_type_deduction
    Feature record: CXX_FEATURE:1cxx_right_angle_brackets
    Feature record: CXX_FEATURE:1cxx_rvalue_references
    Feature record: CXX_FEATURE:1cxx_sizeof_member
    Feature record: CXX_FEATURE:1cxx_static_assert
    Feature record: CXX_FEATURE:1cxx_strong_enums
    Feature record: CXX_FEATURE:1cxx_template_template_parameters
    Feature record: CXX_FEATURE:1cxx_thread_local
    Feature record: CXX_FEATURE:1cxx_trailing_return_types
    Feature record: CXX_FEATURE:1cxx_unicode_literals
    Feature record: CXX_FEATURE:1cxx_uniform_initialization
    Feature record: CXX_FEATURE:1cxx_unrestricted_unions
    Feature record: CXX_FEATURE:1cxx_user_literals
    Feature record: CXX_FEATURE:1cxx_variable_templates
    Feature record: CXX_FEATURE:1cxx_variadic_macros
    Feature record: CXX_FEATURE:1cxx_variadic_templates


Detecting CXX [-std=c++14] compiler features compiled with the following output:
Change Dir: /store/qzhong/vscode/netyo/CMakeFiles/CMakeTmp

Run Build Command:"/usr/bin/make" "cmTC_58061/fast"
/usr/bin/make -f CMakeFiles/cmTC_58061.dir/build.make CMakeFiles/cmTC_58061.dir/build
make[1]: Entering directory '/store/qzhong/vscode/netyo/CMakeFiles/CMakeTmp'
Building CXX object CMakeFiles/cmTC_58061.dir/feature_tests.cxx.o
/store/anaconda3/bin/x86_64-conda_cos6-linux-gnu-c++    -fvisibility-inlines-hidden -std=c++17 -fmessage-length=0 -march=nocona -mtune=haswell -ftree-vectorize -fPIC -fstack-protector-strong -fno-plt -O2 -pipe    -std=c++14 -o CMakeFiles/cmTC_58061.dir/feature_tests.cxx.o -c /store/qzhong/vscode/netyo/CMakeFiles/feature_tests.cxx
Linking CXX executable cmTC_58061
/usr/bin/cmake -E cmake_link_script CMakeFiles/cmTC_58061.dir/link.txt --verbose=1
/store/anaconda3/bin/x86_64-conda_cos6-linux-gnu-c++  -fvisibility-inlines-hidden -std=c++17 -fmessage-length=0 -march=nocona -mtune=haswell -ftree-vectorize -fPIC -fstack-protector-strong -fno-plt -O2 -pipe   -Wl,-O2 -Wl,--sort-common -Wl,--as-needed -Wl,-z,relro -Wl,-z,now  -rdynamic CMakeFiles/cmTC_58061.dir/feature_tests.cxx.o  -o cmTC_58061 
make[1]: Leaving directory '/store/qzhong/vscode/netyo/CMakeFiles/CMakeTmp'


    Feature record: CXX_FEATURE:1cxx_aggregate_default_initializers
    Feature record: CXX_FEATURE:1cxx_alias_templates
    Feature record: CXX_FEATURE:1cxx_alignas
    Feature record: CXX_FEATURE:1cxx_alignof
    Feature record: CXX_FEATURE:1cxx_attributes
    Feature record: CXX_FEATURE:1cxx_attribute_deprecated
    Feature record: CXX_FEATURE:1cxx_auto_type
    Feature record: CXX_FEATURE:1cxx_binary_literals
    Feature record: CXX_FEATURE:1cxx_constexpr
    Feature record: CXX_FEATURE:1cxx_contextual_conversions
    Feature record: CXX_FEATURE:1cxx_decltype
    Feature record: CXX_FEATURE:1cxx_decltype_auto
    Feature record: CXX_FEATURE:1cxx_decltype_incomplete_return_types
    Feature record: CXX_FEATURE:1cxx_default_function_template_args
    Feature record: CXX_FEATURE:1cxx_defaulted_functions
    Feature record: CXX_FEATURE:1cxx_defaulted_move_initializers
    Feature record: CXX_FEATURE:1cxx_delegating_constructors
    Feature record: CXX_FEATURE:1cxx_deleted_functions
    Feature record: CXX_FEATURE:1cxx_digit_separators
    Feature record: CXX_FEATURE:1cxx_enum_forward_declarations
    Feature record: CXX_FEATURE:1cxx_explicit_conversions
    Feature record: CXX_FEATURE:1cxx_extended_friend_declarations
    Feature record: CXX_FEATURE:1cxx_extern_templates
    Feature record: CXX_FEATURE:1cxx_final
    Feature record: CXX_FEATURE:1cxx_func_identifier
    Feature record: CXX_FEATURE:1cxx_generalized_initializers
    Feature record: CXX_FEATURE:1cxx_generic_lambdas
    Feature record: CXX_FEATURE:1cxx_inheriting_constructors
    Feature record: CXX_FEATURE:1cxx_inline_namespaces
    Feature record: CXX_FEATURE:1cxx_lambdas
    Feature record: CXX_FEATURE:1cxx_lambda_init_captures
    Feature record: CXX_FEATURE:1cxx_local_type_template_args
    Feature record: CXX_FEATURE:1cxx_long_long_type
    Feature record: CXX_FEATURE:1cxx_noexcept
    Feature record: CXX_FEATURE:1cxx_nonstatic_member_init
    Feature record: CXX_FEATURE:1cxx_nullptr
    Feature record: CXX_FEATURE:1cxx_override
    Feature record: CXX_FEATURE:1cxx_range_for
    Feature record: CXX_FEATURE:1cxx_raw_string_literals
    Feature record: CXX_FEATURE:1cxx_reference_qualified_functions
    Feature record: CXX_FEATURE:1cxx_relaxed_constexpr
    Feature record: CXX_FEATURE:1cxx_return_type_deduction
    Feature record: CXX_FEATURE:1cxx_right_angle_brackets
    Feature record: CXX_FEATURE:1cxx_rvalue_references
    Feature record: CXX_FEATURE:1cxx_sizeof_member
    Feature record: CXX_FEATURE:1cxx_static_assert
    Feature record: CXX_FEATURE:1cxx_strong_enums
    Feature record: CXX_FEATURE:1cxx_template_template_parameters
    Feature record: CXX_FEATURE:1cxx_thread_local
    Feature record: CXX_FEATURE:1cxx_trailing_return_types
    Feature record: CXX_FEATURE:1cxx_unicode_literals
    Feature record: CXX_FEATURE:1cxx_uniform_initialization
    Feature record: CXX_FEATURE:1cxx_unrestricted_unions
    Feature record: CXX_FEATURE:1cxx_user_literals
    Feature record: CXX_FEATURE:1cxx_variable_templates
    Feature record: CXX_FEATURE:1cxx_variadic_macros
    Feature record: CXX_FEATURE:1cxx_variadic_templates


Detecting CXX [-std=c++11] compiler features compiled with the following output:
Change Dir: /store/qzhong/vscode/netyo/CMakeFiles/CMakeTmp

Run Build Command:"/usr/bin/make" "cmTC_0b542/fast"
/usr/bin/make -f CMakeFiles/cmTC_0b542.dir/build.make CMakeFiles/cmTC_0b542.dir/build
make[1]: Entering directory '/store/qzhong/vscode/netyo/CMakeFiles/CMakeTmp'
Building CXX object CMakeFiles/cmTC_0b542.dir/feature_tests.cxx.o
/store/anaconda3/bin/x86_64-conda_cos6-linux-gnu-c++    -fvisibility-inlines-hidden -std=c++17 -fmessage-length=0 -march=nocona -mtune=haswell -ftree-vectorize -fPIC -fstack-protector-strong -fno-plt -O2 -pipe    -std=c++11 -o CMakeFiles/cmTC_0b542.dir/feature_tests.cxx.o -c /store/qzhong/vscode/netyo/CMakeFiles/feature_tests.cxx
Linking CXX executable cmTC_0b542
/usr/bin/cmake -E cmake_link_script CMakeFiles/cmTC_0b542.dir/link.txt --verbose=1
/store/anaconda3/bin/x86_64-conda_cos6-linux-gnu-c++  -fvisibility-inlines-hidden -std=c++17 -fmessage-length=0 -march=nocona -mtune=haswell -ftree-vectorize -fPIC -fstack-protector-strong -fno-plt -O2 -pipe   -Wl,-O2 -Wl,--sort-common -Wl,--as-needed -Wl,-z,relro -Wl,-z,now  -rdynamic CMakeFiles/cmTC_0b542.dir/feature_tests.cxx.o  -o cmTC_0b542 
make[1]: Leaving directory '/store/qzhong/vscode/netyo/CMakeFiles/CMakeTmp'


    Feature record: CXX_FEATURE:0cxx_aggregate_default_initializers
    Feature record: CXX_FEATURE:1cxx_alias_templates
    Feature record: CXX_FEATURE:1cxx_alignas
    Feature record: CXX_FEATURE:1cxx_alignof
    Feature record: CXX_FEATURE:1cxx_attributes
    Feature record: CXX_FEATURE:0cxx_attribute_deprecated
    Feature record: CXX_FEATURE:1cxx_auto_type
    Feature record: CXX_FEATURE:0cxx_binary_literals
    Feature record: CXX_FEATURE:1cxx_constexpr
    Feature record: CXX_FEATURE:0cxx_contextual_conversions
    Feature record: CXX_FEATURE:1cxx_decltype
    Feature record: CXX_FEATURE:0cxx_decltype_auto
    Feature record: CXX_FEATURE:1cxx_decltype_incomplete_return_types
    Feature record: CXX_FEATURE:1cxx_default_function_template_args
    Feature record: CXX_FEATURE:1cxx_defaulted_functions
    Feature record: CXX_FEATURE:1cxx_defaulted_move_initializers
    Feature record: CXX_FEATURE:1cxx_delegating_constructors
    Feature record: CXX_FEATURE:1cxx_deleted_functions
    Feature record: CXX_FEATURE:0cxx_digit_separators
    Feature record: CXX_FEATURE:1cxx_enum_forward_declarations
    Feature record: CXX_FEATURE:1cxx_explicit_conversions
    Feature record: CXX_FEATURE:1cxx_extended_friend_declarations
    Feature record: CXX_FEATURE:1cxx_extern_templates
    Feature record: CXX_FEATURE:1cxx_final
    Feature record: CXX_FEATURE:1cxx_func_identifier
    Feature record: CXX_FEATURE:1cxx_generalized_initializers
    Feature record: CXX_FEATURE:0cxx_generic_lambdas
    Feature record: CXX_FEATURE:1cxx_inheriting_constructors
    Feature record: CXX_FEATURE:1cxx_inline_namespaces
    Feature record: CXX_FEATURE:1cxx_lambdas
    Feature record: CXX_FEATURE:0cxx_lambda_init_captures
    Feature record: CXX_FEATURE:1cxx_local_type_template_args
    Feature record: CXX_FEATURE:1cxx_long_long_type
    Feature record: CXX_FEATURE:1cxx_noexcept
    Feature record: CXX_FEATURE:1cxx_nonstatic_member_init
    Feature record: CXX_FEATURE:1cxx_nullptr
    Feature record: CXX_FEATURE:1cxx_override
    Feature record: CXX_FEATURE:1cxx_range_for
    Feature record: CXX_FEATURE:1cxx_raw_string_literals
    Feature record: CXX_FEATURE:1cxx_reference_qualified_functions
    Feature record: CXX_FEATURE:0cxx_relaxed_constexpr
    Feature record: CXX_FEATURE:0cxx_return_type_deduction
    Feature record: CXX_FEATURE:1cxx_right_angle_brackets
    Feature record: CXX_FEATURE:1cxx_rvalue_references
    Feature record: CXX_FEATURE:1cxx_sizeof_member
    Feature record: CXX_FEATURE:1cxx_static_assert
    Feature record: CXX_FEATURE:1cxx_strong_enums
    Feature record: CXX_FEATURE:1cxx_template_template_parameters
    Feature record: CXX_FEATURE:1cxx_thread_local
    Feature record: CXX_FEATURE:1cxx_trailing_return_types
    Feature record: CXX_FEATURE:1cxx_unicode_literals
    Feature record: CXX_FEATURE:1cxx_uniform_initialization
    Feature record: CXX_FEATURE:1cxx_unrestricted_unions
    Feature record: CXX_FEATURE:1cxx_user_literals
    Feature record: CXX_FEATURE:0cxx_variable_templates
    Feature record: CXX_FEATURE:1cxx_variadic_macros
    Feature record: CXX_FEATURE:1cxx_variadic_templates


Detecting CXX [-std=c++98] compiler features compiled with the following output:
Change Dir: /store/qzhong/vscode/netyo/CMakeFiles/CMakeTmp

Run Build Command:"/usr/bin/make" "cmTC_9012f/fast"
/usr/bin/make -f CMakeFiles/cmTC_9012f.dir/build.make CMakeFiles/cmTC_9012f.dir/build
make[1]: Entering directory '/store/qzhong/vscode/netyo/CMakeFiles/CMakeTmp'
Building CXX object CMakeFiles/cmTC_9012f.dir/feature_tests.cxx.o
/store/anaconda3/bin/x86_64-conda_cos6-linux-gnu-c++    -fvisibility-inlines-hidden -std=c++17 -fmessage-length=0 -march=nocona -mtune=haswell -ftree-vectorize -fPIC -fstack-protector-strong -fno-plt -O2 -pipe    -std=c++98 -o CMakeFiles/cmTC_9012f.dir/feature_tests.cxx.o -c /store/qzhong/vscode/netyo/CMakeFiles/feature_tests.cxx
Linking CXX executable cmTC_9012f
/usr/bin/cmake -E cmake_link_script CMakeFiles/cmTC_9012f.dir/link.txt --verbose=1
/store/anaconda3/bin/x86_64-conda_cos6-linux-gnu-c++  -fvisibility-inlines-hidden -std=c++17 -fmessage-length=0 -march=nocona -mtune=haswell -ftree-vectorize -fPIC -fstack-protector-strong -fno-plt -O2 -pipe   -Wl,-O2 -Wl,--sort-common -Wl,--as-needed -Wl,-z,relro -Wl,-z,now  -rdynamic CMakeFiles/cmTC_9012f.dir/feature_tests.cxx.o  -o cmTC_9012f 
make[1]: Leaving directory '/store/qzhong/vscode/netyo/CMakeFiles/CMakeTmp'


    Feature record: CXX_FEATURE:0cxx_aggregate_default_initializers
    Feature record: CXX_FEATURE:0cxx_alias_templates
    Feature record: CXX_FEATURE:0cxx_alignas
    Feature record: CXX_FEATURE:0cxx_alignof
    Feature record: CXX_FEATURE:0cxx_attributes
    Feature record: CXX_FEATURE:0cxx_attribute_deprecated
    Feature record: CXX_FEATURE:0cxx_auto_type
    Feature record: CXX_FEATURE:0cxx_binary_literals
    Feature record: CXX_FEATURE:0cxx_constexpr
    Feature record: CXX_FEATURE:0cxx_contextual_conversions
    Feature record: CXX_FEATURE:0cxx_decltype
    Feature record: CXX_FEATURE:0cxx_decltype_auto
    Feature record: CXX_FEATURE:0cxx_decltype_incomplete_return_types
    Feature record: CXX_FEATURE:0cxx_default_function_template_args
    Feature record: CXX_FEATURE:0cxx_defaulted_functions
    Feature record: CXX_FEATURE:0cxx_defaulted_move_initializers
    Feature record: CXX_FEATURE:0cxx_delegating_constructors
    Feature record: CXX_FEATURE:0cxx_deleted_functions
    Feature record: CXX_FEATURE:0cxx_digit_separators
    Feature record: CXX_FEATURE:0cxx_enum_forward_declarations
    Feature record: CXX_FEATURE:0cxx_explicit_conversions
    Feature record: CXX_FEATURE:0cxx_extended_friend_declarations
    Feature record: CXX_FEATURE:0cxx_extern_templates
    Feature record: CXX_FEATURE:0cxx_final
    Feature record: CXX_FEATURE:0cxx_func_identifier
    Feature record: CXX_FEATURE:0cxx_generalized_initializers
    Feature record: CXX_FEATURE:0cxx_generic_lambdas
    Feature record: CXX_FEATURE:0cxx_inheriting_constructors
    Feature record: CXX_FEATURE:0cxx_inline_namespaces
    Feature record: CXX_FEATURE:0cxx_lambdas
    Feature record: CXX_FEATURE:0cxx_lambda_init_captures
    Feature record: CXX_FEATURE:0cxx_local_type_template_args
    Feature record: CXX_FEATURE:0cxx_long_long_type
    Feature record: CXX_FEATURE:0cxx_noexcept
    Feature record: CXX_FEATURE:0cxx_nonstatic_member_init
    Feature record: CXX_FEATURE:0cxx_nullptr
    Feature record: CXX_FEATURE:0cxx_override
    Feature record: CXX_FEATURE:0cxx_range_for
    Feature record: CXX_FEATURE:0cxx_raw_string_literals
    Feature record: CXX_FEATURE:0cxx_reference_qualified_functions
    Feature record: CXX_FEATURE:0cxx_relaxed_constexpr
    Feature record: CXX_FEATURE:0cxx_return_type_deduction
    Feature record: CXX_FEATURE:0cxx_right_angle_brackets
    Feature record: CXX_FEATURE:0cxx_rvalue_references
    Feature record: CXX_FEATURE:0cxx_sizeof_member
    Feature record: CXX_FEATURE:0cxx_static_assert
    Feature record: CXX_FEATURE:0cxx_strong_enums
    Feature record: CXX_FEATURE:1cxx_template_template_parameters
    Feature record: CXX_FEATURE:0cxx_thread_local
    Feature record: CXX_FEATURE:0cxx_trailing_return_types
    Feature record: CXX_FEATURE:0cxx_unicode_literals
    Feature record: CXX_FEATURE:0cxx_uniform_initialization
    Feature record: CXX_FEATURE:0cxx_unrestricted_unions
    Feature record: CXX_FEATURE:0cxx_user_literals
    Feature record: CXX_FEATURE:0cxx_variable_templates
    Feature record: CXX_FEATURE:0cxx_variadic_macros
    Feature record: CXX_FEATURE:0cxx_variadic_templates
